# JRE version: Java(TM) SE Runtime Environment (7.0_51-b13) (build 1.7.0_51-b13)
# Java VM: Java HotSpot(TM) 64-Bit Server VM (24.51-b03 mixed mode windows-amd64 compressed oops)
Heap
 PSYoungGen      total 28672K, used 4142K [0x00000000e0800000, 0x00000000e2780000, 0x0000000100000000)
  eden space 25088K, 2% used [0x00000000e0800000,0x00000000e0893868,0x00000000e2080000)
  from space 3584K, 99% used [0x00000000e2080000,0x00000000e23f8020,0x00000000e2400000)
  to   space 3584K, 0% used [0x00000000e2400000,0x00000000e2400000,0x00000000e2780000)
 ParOldGen       total 64512K, used 2226K [0x00000000a1800000, 0x00000000a5700000, 0x00000000e0800000)
  object space 64512K, 3% used [0x00000000a1800000,0x00000000a1a2caa0,0x00000000a5700000)
 PSPermGen       total 21504K, used 9074K [0x000000009c600000, 0x000000009db00000, 0x00000000a1800000)
  object space 21504K, 42% used [0x000000009c600000,0x000000009cedcaf8,0x000000009db00000)
GC Heap History (6 events):
Event: 3.560 GC heap before
{Heap before GC invocations=1 (full 0):
 PSYoungGen      total 28672K, used 25088K [0x00000000e0800000, 0x00000000e2780000, 0x0000000100000000)
  eden space 25088K, 100% used [0x00000000e0800000,0x00000000e2080000,0x00000000e2080000)
  from space 3584K, 0% used [0x00000000e2400000,0x00000000e2400000,0x00000000e2780000)
  to   space 3584K, 0% used [0x00000000e2080000,0x00000000e2080000,0x00000000e2400000)
 ParOldGen       total 64512K, used 0K [0x00000000a1800000, 0x00000000a5700000, 0x00000000e0800000)
  object space 64512K, 0% used [0x00000000a1800000,0x00000000a1800000,0x00000000a5700000)
 PSPermGen       total 21504K, used 8477K [0x000000009c600000, 0x000000009db00000, 0x00000000a1800000)
  object space 21504K, 39% used [0x000000009c600000,0x000000009ce47468,0x000000009db00000)
Event: 3.572 GC heap after
Heap after GC invocations=1 (full 0):
 PSYoungGen      total 28672K, used 3565K [0x00000000e0800000, 0x00000000e2780000, 0x0000000100000000)
  eden space 25088K, 0% used [0x00000000e0800000,0x00000000e0800000,0x00000000e2080000)
  from space 3584K, 99% used [0x00000000e2080000,0x00000000e23fb658,0x00000000e2400000)
  to   space 3584K, 0% used [0x00000000e2400000,0x00000000e2400000,0x00000000e2780000)
 ParOldGen       total 64512K, used 378K [0x00000000a1800000, 0x00000000a5700000, 0x00000000e0800000)
  object space 64512K, 0% used [0x00000000a1800000,0x00000000a185eaa0,0x00000000a5700000)
 PSPermGen       total 21504K, used 8477K [0x000000009c600000, 0x000000009db00000, 0x00000000a1800000)
  object space 21504K, 39% used [0x000000009c600000,0x000000009ce47468,0x000000009db00000)
}
Event: 95.015 GC heap before
{Heap before GC invocations=2 (full 0):
 PSYoungGen      total 28672K, used 28653K [0x00000000e0800000, 0x00000000e2780000, 0x0000000100000000)
  eden space 25088K, 100% used [0x00000000e0800000,0x00000000e2080000,0x00000000e2080000)
  from space 3584K, 99% used [0x00000000e2080000,0x00000000e23fb658,0x00000000e2400000)
  to   space 3584K, 0% used [0x00000000e2400000,0x00000000e2400000,0x00000000e2780000)
 ParOldGen       total 64512K, used 378K [0x00000000a1800000, 0x00000000a5700000, 0x00000000e0800000)
  object space 64512K, 0% used [0x00000000a1800000,0x00000000a185eaa0,0x00000000a5700000)
 PSPermGen       total 21504K, used 8956K [0x000000009c600000, 0x000000009db00000, 0x00000000a1800000)
  object space 21504K, 41% used [0x000000009c600000,0x000000009cebf130,0x000000009db00000)
Event: 95.032 GC heap after
Heap after GC invocations=2 (full 0):
 PSYoungGen      total 28672K, used 3312K [0x00000000e0800000, 0x00000000e2780000, 0x0000000100000000)
  eden space 25088K, 0% used [0x00000000e0800000,0x00000000e0800000,0x00000000e2080000)
  from space 3584K, 92% used [0x00000000e2400000,0x00000000e273c3f8,0x00000000e2780000)
  to   space 3584K, 0% used [0x00000000e2080000,0x00000000e2080000,0x00000000e2400000)
 ParOldGen       total 64512K, used 386K [0x00000000a1800000, 0x00000000a5700000, 0x00000000e0800000)
  object space 64512K, 0% used [0x00000000a1800000,0x00000000a1860aa0,0x00000000a5700000)
 PSPermGen       total 21504K, used 8956K [0x000000009c600000, 0x000000009db00000, 0x00000000a1800000)
  object space 21504K, 41% used [0x000000009c600000,0x000000009cebf130,0x000000009db00000)
}
Event: 309.675 GC heap before
{Heap before GC invocations=3 (full 0):
 PSYoungGen      total 28672K, used 28400K [0x00000000e0800000, 0x00000000e2780000, 0x0000000100000000)
  eden space 25088K, 100% used [0x00000000e0800000,0x00000000e2080000,0x00000000e2080000)
  from space 3584K, 92% used [0x00000000e2400000,0x00000000e273c3f8,0x00000000e2780000)
  to   space 3584K, 0% used [0x00000000e2080000,0x00000000e2080000,0x00000000e2400000)
 ParOldGen       total 64512K, used 386K [0x00000000a1800000, 0x00000000a5700000, 0x00000000e0800000)
  object space 64512K, 0% used [0x00000000a1800000,0x00000000a1860aa0,0x00000000a5700000)
 PSPermGen       total 21504K, used 9037K [0x000000009c600000, 0x000000009db00000, 0x00000000a1800000)
  object space 21504K, 42% used [0x000000009c600000,0x000000009ced37a8,0x000000009db00000)
Event: 309.704 GC heap after
Heap after GC invocations=3 (full 0):
 PSYoungGen      total 28672K, used 3552K [0x00000000e0800000, 0x00000000e2780000, 0x0000000100000000)
  eden space 25088K, 0% used [0x00000000e0800000,0x00000000e0800000,0x00000000e2080000)
  from space 3584K, 99% used [0x00000000e2080000,0x00000000e23f8020,0x00000000e2400000)
  to   space 3584K, 0% used [0x00000000e2400000,0x00000000e2400000,0x00000000e2780000)
 ParOldGen       total 64512K, used 2226K [0x00000000a1800000, 0x00000000a5700000, 0x00000000e0800000)
  object space 64512K, 3% used [0x00000000a1800000,0x00000000a1a2caa0,0x00000000a5700000)
 PSPermGen       total 21504K, used 9037K [0x000000009c600000, 0x000000009db00000, 0x00000000a1800000)
  object space 21504K, 42% used [0x000000009c600000,0x000000009ced37a8,0x000000009db00000)
}

